2022-08-02 18:22:39:2239 - [32minfo[39m: [32mserver is running[39m
2022-08-02 19:22:09:229 - [32minfo[39m: [32mserver is running[39m
2022-08-02 19:22:09:229 - [32minfo[39m: [32mMysql connected[39m
2022-08-02 19:44:26:4426 - [32minfo[39m: [32mserver is running[39m
2022-08-02 19:44:26:4426 - [32minfo[39m: [32mMysql connected[39m
2022-08-02 20:10:01:101 - [32minfo[39m: [32mserver is running[39m
2022-08-02 20:10:01:101 - [32minfo[39m: [32mMysql connected[39m
2022-08-02 20:16:37:1637 - [32minfo[39m: [32mserver is running[39m
2022-08-02 20:16:37:1637 - [32minfo[39m: [32mMysql connected[39m
2022-08-02 20:16:47:1647 - [35mhttp[39m: [35mGET /category/5 - - 12.584 ms[39m
[35m[39m
2022-08-02 20:16:54:1654 - [35mhttp[39m: [35mGET /product - - 3.678 ms[39m
[35m[39m
2022-08-02 20:17:20:1720 - [35mhttp[39m: [35mGET /product/13 - - 4.704 ms[39m
[35m[39m
2022-08-02 20:51:23:5123 - [32minfo[39m: [32mserver is running[39m
2022-08-02 20:51:23:5123 - [32minfo[39m: [32mMysql connected[39m
2022-08-02 20:51:29:5129 - [35mhttp[39m: [35mGET /product - - 5.967 ms[39m
[35m[39m
2022-08-02 20:51:33:5133 - [35mhttp[39m: [35mGET /product/13 - - 6.076 ms[39m
[35m[39m
2022-08-02 20:51:36:5136 - [35mhttp[39m: [35mGET /category - - 3.679 ms[39m
[35m[39m
2022-08-02 20:51:38:5138 - [35mhttp[39m: [35mGET /category/5 - - 1.779 ms[39m
[35m[39m
2022-08-02 20:51:58:5158 - [35mhttp[39m: [35mGET /category - - 1.236 ms[39m
[35m[39m
2022-08-02 20:52:01:521 - [35mhttp[39m: [35mGET /product - - 2.228 ms[39m
[35m[39m
2022-08-02 20:57:17:5717 - [32minfo[39m: [32mserver is running[39m
2022-08-02 20:57:17:5717 - [32minfo[39m: [32mMysql connected[39m
2022-08-02 20:57:26:5726 - [35mhttp[39m: [35mGET /product - - 9.595 ms[39m
[35m[39m
2022-08-02 20:57:31:5731 - [35mhttp[39m: [35mGET /category - - 3.021 ms[39m
[35m[39m
2022-08-02 20:57:44:5744 - [35mhttp[39m: [35mPUT /product/5 - - 26.747 ms[39m
[35m[39m
2022-08-02 21:00:58:058 - [32minfo[39m: [32mserver is running[39m
2022-08-02 21:00:58:058 - [32minfo[39m: [32mMysql connected[39m
2022-08-02 21:01:40:140 - [32minfo[39m: [32mserver is running[39m
2022-08-02 21:01:40:140 - [32minfo[39m: [32mMysql connected[39m
2022-08-02 21:03:55:355 - [32minfo[39m: [32mserver is running[39m
2022-08-02 21:03:55:355 - [32minfo[39m: [32mMysql connected[39m
2022-08-02 21:04:43:443 - [35mhttp[39m: [35mGET /product - - 5.542 ms[39m
[35m[39m
2022-08-02 21:04:50:450 - [35mhttp[39m: [35mGET /category - - 3.140 ms[39m
[35m[39m
2022-08-02 21:09:12:912 - [32minfo[39m: [32mserver is running[39m
2022-08-02 21:09:12:912 - [32minfo[39m: [32mDatabase connected[39m
2022-08-02 21:12:47:1247 - [35mhttp[39m: [35mGET /category - - 5.662 ms[39m
[35m[39m
2022-08-02 21:12:49:1249 - [35mhttp[39m: [35mGET /product - - 3.538 ms[39m
[35m[39m
2022-08-02 21:28:09:289 - [32minfo[39m: [32mserver is running[39m
2022-08-02 21:28:09:289 - [32minfo[39m: [32mDatabase connected[39m
2022-08-02 21:28:23:2823 - [35mhttp[39m: [35mGET /product - - 7.723 ms[39m
[35m[39m
2022-08-02 21:28:31:2831 - [35mhttp[39m: [35mGET /category - - 3.473 ms[39m
[35m[39m
2022-08-02 21:28:37:2837 - [35mhttp[39m: [35mGET /category/5 - - 4.025 ms[39m
[35m[39m
2022-08-02 21:28:40:2840 - [35mhttp[39m: [35mGET /product/13 - - 3.279 ms[39m
[35m[39m
2022-08-02 21:29:48:2948 - [35mhttp[39m: [35mPOST /product - - 15.393 ms[39m
[35m[39m
2022-08-02 21:30:35:3035 - [35mhttp[39m: [35mPOST /category - - 15.486 ms[39m
[35m[39m
2022-08-02 21:32:18:3218 - [35mhttp[39m: [35mPUT /product/5 - - 46.667 ms[39m
[35m[39m
2022-08-02 21:32:56:3256 - [35mhttp[39m: [35mPUT /category/6 - - 7.361 ms[39m
[35m[39m
2022-08-02 21:33:22:3322 - [35mhttp[39m: [35mGET /category/6 - - 1.181 ms[39m
[35m[39m
2022-08-02 21:33:34:3334 - [35mhttp[39m: [35mGET /product/16 - - 3.600 ms[39m
[35m[39m
2022-08-02 21:33:56:3356 - [35mhttp[39m: [35mDELETE /product/6 - - 7.155 ms[39m
[35m[39m
2022-08-02 21:34:23:3423 - [35mhttp[39m: [35mDELETE /category/6 - - 8.678 ms[39m
[35m[39m
2022-08-02 21:35:11:3511 - [32minfo[39m: [32mserver is running[39m
2022-08-02 21:35:11:3511 - [32minfo[39m: [32mDatabase connected[39m
2022-08-02 22:03:00:30 - [32minfo[39m: [32mserver is running[39m
2022-08-02 22:03:00:30 - [32minfo[39m: [32mDatabase connected[39m
2022-08-02 22:06:41:641 - [35mhttp[39m: [35mGET /product - - 6.426 ms[39m
[35m[39m
2022-08-02 22:29:55:2955 - [35mhttp[39m: [35mPOST /product - - 16.395 ms[39m
[35m[39m
2022-08-02 22:35:45:3545 - [35mhttp[39m: [35mGET /product/16 - - 3.496 ms[39m
[35m[39m
2022-08-02 22:35:53:3553 - [35mhttp[39m: [35mGET /product/1 - - 2.766 ms[39m
[35m[39m
2022-08-02 22:43:24:4324 - [35mhttp[39m: [35mGET /product/1100 - - 2.451 ms[39m
[35m[39m
2022-08-02 22:45:36:4536 - [35mhttp[39m: [35mDELETE /product/6555 - - 2.439 ms[39m
[35m[39m
2022-08-02 22:50:01:501 - [32minfo[39m: [32mserver is running[39m
2022-08-02 22:50:01:501 - [32minfo[39m: [32mDatabase connected[39m
2022-08-02 23:06:44:644 - [32minfo[39m: [32mserver is running[39m
2022-08-02 23:06:44:644 - [32minfo[39m: [32mDatabase connected[39m
2022-08-02 23:06:47:647 - [35mhttp[39m: [35mGET /category - - 6.734 ms[39m
[35m[39m
2022-08-02 23:09:07:97 - [35mhttp[39m: [35mGET /category - - 1.966 ms[39m
[35m[39m
2022-08-02 23:16:01:161 - [35mhttp[39m: [35mGET /category/6 - - 3.954 ms[39m
[35m[39m
2022-08-02 23:16:05:165 - [35mhttp[39m: [35mGET /category/3 - - 2.480 ms[39m
[35m[39m
2022-08-02 23:21:08:218 - [32minfo[39m: [32mserver is running[39m
2022-08-02 23:21:08:218 - [32minfo[39m: [32mDatabase connected[39m
2022-08-02 23:26:29:2629 - [32minfo[39m: [32mserver is running[39m
2022-08-02 23:26:29:2629 - [32minfo[39m: [32mDatabase connected[39m
2022-08-02 23:26:31:2631 - [35mhttp[39m: [35mDELETE /product/6555 - - 8.466 ms[39m
[35m[39m
